info it worked if it ends with ok
verbose cli [ 'node', '/usr/bin/npm', 'install', 'karma' ]
info using npm@1.1.4
info using node@v0.6.12
verbose config file /home/mch/.npmrc
verbose config file /usr/etc/npmrc
verbose config file /usr/share/npm/npmrc
verbose caching /var/www/node_modules/firebase/package.json
verbose caching /var/www/node_modules/angular-bootstrap/package.json
verbose caching /var/www/node_modules/bootstrap/package.json
verbose cache add [ 'karma', null ]
silly cache add: name, spec, args [ undefined, 'karma', [ 'karma', null ] ]
verbose parsed url { pathname: 'karma', path: 'karma', href: 'karma' }
verbose addNamed [ 'karma', '' ]
verbose addNamed [ null, '' ]
silly name, range, hasData [ 'karma', '', false ]
verbose raw, before any munging karma
verbose url resolving [ 'http://registry.npmjs.org/', './karma' ]
verbose url resolved http://registry.npmjs.org/karma
http GET http://registry.npmjs.org/karma
http 200 http://registry.npmjs.org/karma
silly get cb [ 200,
silly get cb   { server: 'CouchDB/1.5.0 (Erlang OTP/R16B03)',
silly get cb     etag: '"2DZJ31O59IK0NRWNH7PDOCLB5"',
silly get cb     'content-type': 'application/json',
silly get cb     'cache-control': 'max-age=60',
silly get cb     'content-length': '493158',
silly get cb     'accept-ranges': 'bytes',
silly get cb     date: 'Thu, 28 Aug 2014 05:28:46 GMT',
silly get cb     via: '1.1 varnish',
silly get cb     age: '1001',
silly get cb     connection: 'keep-alive',
silly get cb     'x-served-by': 'cache-lax1422-LAX',
silly get cb     'x-cache': 'HIT',
silly get cb     'x-cache-hits': '1',
silly get cb     'x-timer': 'S1409203726.655714,VS0,VE2',
silly get cb     vary: 'Accept' } ]
verbose mkdir (expected) error ENOENT, no such file or directory '/home/mch/.npm/karma'
verbose mkdir done: /home/mch/.npm/karma 755
silly name, range, hasData 2 [ 'karma', '', true ]
silly versions [ 'karma', [] ]
ERR! Error: No compatible version found: karma
ERR! No valid targets found.
ERR! Perhaps not compatible with your version of node?
ERR!     at installTargetsError (/usr/share/npm/lib/cache.js:488:10)
ERR!     at next_ (/usr/share/npm/lib/cache.js:438:17)
ERR!     at next (/usr/share/npm/lib/cache.js:415:44)
ERR!     at /usr/share/npm/lib/cache.js:408:5
ERR!     at saved (/usr/share/npm/lib/utils/npm-registry-client/get.js:147:7)
ERR!     at Object.oncomplete (/usr/lib/nodejs/graceful-fs.js:230:7)
ERR! You may report this log at:
ERR!     <http://bugs.debian.org/npm>
ERR! or use
ERR!     reportbug --attach /var/www/npm-debug.log npm
ERR! 
ERR! System Linux 3.8.11
ERR! command "node" "/usr/bin/npm" "install" "karma"
ERR! cwd /var/www
ERR! node -v v0.6.12
ERR! npm -v 1.1.4
ERR! message No compatible version found: karma
ERR! message No valid targets found.
ERR! message Perhaps not compatible with your version of node?
verbose exit [ 1, true ]
